#! /c/Source/iverilog-install/bin/vvp
:ivl_version "12.0 (devel)" "(s20150603-1539-g2693dd32b)";
:ivl_delay_selection "TYPICAL";
:vpi_time_precision + 0;
:vpi_module "C:\iverilog\lib\ivl\system.vpi";
:vpi_module "C:\iverilog\lib\ivl\vhdl_sys.vpi";
:vpi_module "C:\iverilog\lib\ivl\vhdl_textio.vpi";
:vpi_module "C:\iverilog\lib\ivl\v2005_math.vpi";
:vpi_module "C:\iverilog\lib\ivl\va_math.vpi";
S_000002188d3fbc00 .scope module, "Memory" "Memory" 2 1;
 .timescale 0 0;
    .port_info 0 /INPUT 1 "Write_EN";
    .port_info 1 /INPUT 1 "Read_EN";
    .port_info 2 /INPUT 8 "Write_D";
    .port_info 3 /INPUT 8 "Address";
    .port_info 4 /INPUT 1 "CLK";
    .port_info 5 /INPUT 1 "RST";
    .port_info 6 /OUTPUT 8 "Read_D";
P_000002188d4830e0 .param/l "Depth" 0 2 2, C4<00000000000000000000000100000000>;
P_000002188d483118 .param/l "Width" 0 2 2, C4<00000000000000000000000000001000>;
o000002188d4b6fd8 .functor BUFZ 8, C4<zzzzzzzz>; HiZ drive
v000002188d3fbd90_0 .net "Address", 7 0, o000002188d4b6fd8;  0 drivers
o000002188d4b7008 .functor BUFZ 1, C4<z>; HiZ drive
v000002188d3fbe30_0 .net "CLK", 0 0, o000002188d4b7008;  0 drivers
v000002188d3fbed0 .array "MEM", 255 0, 7 0;
o000002188d4b7038 .functor BUFZ 1, C4<z>; HiZ drive
v000002188d4b31e0_0 .net "RST", 0 0, o000002188d4b7038;  0 drivers
v000002188d4b3280_0 .net "Read_D", 7 0, L_000002188d4b43b0;  1 drivers
o000002188d4b7098 .functor BUFZ 1, C4<z>; HiZ drive
v000002188d4b3320_0 .net "Read_EN", 0 0, o000002188d4b7098;  0 drivers
o000002188d4b70c8 .functor BUFZ 8, C4<zzzzzzzz>; HiZ drive
v000002188d4b33c0_0 .net "Write_D", 7 0, o000002188d4b70c8;  0 drivers
o000002188d4b70f8 .functor BUFZ 1, C4<z>; HiZ drive
v000002188d4b3460_0 .net "Write_EN", 0 0, o000002188d4b70f8;  0 drivers
v000002188d4b3500_0 .net *"_ivl_0", 7 0, L_000002188d4b3e10;  1 drivers
v000002188d4b35a0_0 .net *"_ivl_2", 9 0, L_000002188d4b3b90;  1 drivers
L_000002188d4ff868 .functor BUFT 1, C4<00>, C4<0>, C4<0>, C4<0>;
v000002188d4b3640_0 .net *"_ivl_5", 1 0, L_000002188d4ff868;  1 drivers
L_000002188d4ff8b0 .functor BUFT 1, C4<00000000>, C4<0>, C4<0>, C4<0>;
v000002188d4b4130_0 .net/2u *"_ivl_6", 7 0, L_000002188d4ff8b0;  1 drivers
v000002188d4b4630_0 .var/i "i", 31 0;
E_000002188d3fb200/0 .event negedge, v000002188d4b31e0_0;
E_000002188d3fb200/1 .event posedge, v000002188d3fbe30_0;
E_000002188d3fb200 .event/or E_000002188d3fb200/0, E_000002188d3fb200/1;
L_000002188d4b3e10 .array/port v000002188d3fbed0, L_000002188d4b3b90;
L_000002188d4b3b90 .concat [ 8 2 0 0], o000002188d4b6fd8, L_000002188d4ff868;
L_000002188d4b43b0 .functor MUXZ 8, L_000002188d4ff8b0, L_000002188d4b3e10, o000002188d4b7098, C4<>;
    .scope S_000002188d3fbc00;
T_0 ;
    %wait E_000002188d3fb200;
    %load/vec4 v000002188d4b31e0_0;
    %nor/r;
    %flag_set/vec4 8;
    %jmp/0xz  T_0.0, 8;
    %pushi/vec4 0, 0, 32;
    %store/vec4 v000002188d4b4630_0, 0, 32;
T_0.2 ;
    %load/vec4 v000002188d4b4630_0;
    %cmpi/u 255, 0, 32;
    %flag_or 5, 4;
    %jmp/0xz T_0.3, 5;
    %pushi/vec4 0, 0, 8;
    %ix/getv/s 3, v000002188d4b4630_0;
    %ix/load 4, 0, 0; Constant delay
    %assign/vec4/a/d v000002188d3fbed0, 0, 4;
    %load/vec4 v000002188d4b4630_0;
    %addi 1, 0, 32;
    %store/vec4 v000002188d4b4630_0, 0, 32;
    %jmp T_0.2;
T_0.3 ;
    %jmp T_0.1;
T_0.0 ;
    %load/vec4 v000002188d4b3460_0;
    %flag_set/vec4 8;
    %jmp/0xz  T_0.4, 8;
    %load/vec4 v000002188d4b33c0_0;
    %load/vec4 v000002188d3fbd90_0;
    %pad/u 10;
    %ix/vec4 3;
    %ix/load 4, 0, 0; Constant delay
    %assign/vec4/a/d v000002188d3fbed0, 0, 4;
T_0.4 ;
T_0.1 ;
    %jmp T_0;
    .thread T_0;
# The file index is used to find the file name in the following table.
:file_names 3;
    "N/A";
    "<interactive>";
    "Memory.v";
