#! /c/Source/iverilog-install/bin/vvp
:ivl_version "12.0 (devel)" "(s20150603-1539-g2693dd32b)";
:ivl_delay_selection "TYPICAL";
:vpi_time_precision + 0;
:vpi_module "C:\iverilog\lib\ivl\system.vpi";
:vpi_module "C:\iverilog\lib\ivl\vhdl_sys.vpi";
:vpi_module "C:\iverilog\lib\ivl\vhdl_textio.vpi";
:vpi_module "C:\iverilog\lib\ivl\v2005_math.vpi";
:vpi_module "C:\iverilog\lib\ivl\va_math.vpi";
S_00000248740d29c0 .scope module, "Register_file" "Register_file" 2 1;
 .timescale 0 0;
    .port_info 0 /INPUT 1 "clk";
    .port_info 1 /INPUT 1 "rst";
    .port_info 2 /INPUT 2 "RA";
    .port_info 3 /INPUT 2 "RB";
    .port_info 4 /INPUT 2 "ADDER";
    .port_info 5 /INPUT 8 "RDATA";
    .port_info 6 /INPUT 1 "wr_en";
    .port_info 7 /OUTPUT 8 "RD1";
    .port_info 8 /OUTPUT 8 "RD2";
    .port_info 9 /OUTPUT 8 "SP";
L_00000248740d3000 .functor BUFZ 8, L_0000024874151c70, C4<00000000>, C4<00000000>, C4<00000000>;
L_00000248740d3200 .functor BUFZ 8, L_0000024874151630, C4<00000000>, C4<00000000>, C4<00000000>;
v00000248740d2ca0_3 .array/port v00000248740d2ca0, 3;
L_0000024874104a90 .functor BUFZ 8, v00000248740d2ca0_3, C4<00000000>, C4<00000000>, C4<00000000>;
o0000024874107fa8 .functor BUFZ 2, C4<zz>; HiZ drive
v00000248740d2c00_0 .net "ADDER", 1 0, o0000024874107fa8;  0 drivers
v00000248740d2ca0 .array "R", 3 0, 7 0;
o0000024874108098 .functor BUFZ 2, C4<zz>; HiZ drive
v00000248740d2d40_0 .net "RA", 1 0, o0000024874108098;  0 drivers
o00000248741080c8 .functor BUFZ 2, C4<zz>; HiZ drive
v0000024874104480_0 .net "RB", 1 0, o00000248741080c8;  0 drivers
v0000024874104520_0 .net "RD1", 7 0, L_00000248740d3000;  1 drivers
v00000248741045c0_0 .net "RD2", 7 0, L_00000248740d3200;  1 drivers
o0000024874108158 .functor BUFZ 8, C4<zzzzzzzz>; HiZ drive
v0000024874104660_0 .net "RDATA", 7 0, o0000024874108158;  0 drivers
v0000024874104700_0 .net "SP", 7 0, L_0000024874104a90;  1 drivers
v00000248741047a0_0 .net *"_ivl_0", 7 0, L_0000024874151c70;  1 drivers
v0000024874104840_0 .net *"_ivl_10", 3 0, L_0000024874151810;  1 drivers
L_00000248741520a0 .functor BUFT 1, C4<00>, C4<0>, C4<0>, C4<0>;
v00000248741048e0_0 .net *"_ivl_13", 1 0, L_00000248741520a0;  1 drivers
v0000024874151130_0 .net *"_ivl_2", 3 0, L_00000248741511d0;  1 drivers
L_0000024874152058 .functor BUFT 1, C4<00>, C4<0>, C4<0>, C4<0>;
v0000024874151770_0 .net *"_ivl_5", 1 0, L_0000024874152058;  1 drivers
v0000024874151450_0 .net *"_ivl_8", 7 0, L_0000024874151630;  1 drivers
o00000248741082d8 .functor BUFZ 1, C4<z>; HiZ drive
v0000024874151270_0 .net "clk", 0 0, o00000248741082d8;  0 drivers
o0000024874108308 .functor BUFZ 1, C4<z>; HiZ drive
v0000024874151bd0_0 .net "rst", 0 0, o0000024874108308;  0 drivers
o0000024874108338 .functor BUFZ 1, C4<z>; HiZ drive
v0000024874151db0_0 .net "wr_en", 0 0, o0000024874108338;  0 drivers
E_00000248740f4fd0/0 .event negedge, v0000024874151bd0_0;
E_00000248740f4fd0/1 .event posedge, v0000024874151270_0;
E_00000248740f4fd0 .event/or E_00000248740f4fd0/0, E_00000248740f4fd0/1;
L_0000024874151c70 .array/port v00000248740d2ca0, L_00000248741511d0;
L_00000248741511d0 .concat [ 2 2 0 0], o0000024874108098, L_0000024874152058;
L_0000024874151630 .array/port v00000248740d2ca0, L_0000024874151810;
L_0000024874151810 .concat [ 2 2 0 0], o00000248741080c8, L_00000248741520a0;
    .scope S_00000248740d29c0;
T_0 ;
    %wait E_00000248740f4fd0;
    %load/vec4 v0000024874151bd0_0;
    %inv;
    %flag_set/vec4 8;
    %jmp/0xz  T_0.0, 8;
    %pushi/vec4 0, 0, 8;
    %ix/load 3, 0, 0;
    %flag_set/imm 4, 0;
    %ix/load 4, 0, 0; Constant delay
    %assign/vec4/a/d v00000248740d2ca0, 0, 4;
    %pushi/vec4 0, 0, 8;
    %ix/load 3, 1, 0;
    %flag_set/imm 4, 0;
    %ix/load 4, 0, 0; Constant delay
    %assign/vec4/a/d v00000248740d2ca0, 0, 4;
    %pushi/vec4 0, 0, 8;
    %ix/load 3, 2, 0;
    %flag_set/imm 4, 0;
    %ix/load 4, 0, 0; Constant delay
    %assign/vec4/a/d v00000248740d2ca0, 0, 4;
    %pushi/vec4 255, 0, 8;
    %ix/load 3, 3, 0;
    %flag_set/imm 4, 0;
    %ix/load 4, 0, 0; Constant delay
    %assign/vec4/a/d v00000248740d2ca0, 0, 4;
    %jmp T_0.1;
T_0.0 ;
    %load/vec4 v0000024874151db0_0;
    %flag_set/vec4 8;
    %jmp/0xz  T_0.2, 8;
    %load/vec4 v0000024874104660_0;
    %load/vec4 v00000248740d2c00_0;
    %pad/u 4;
    %ix/vec4 3;
    %ix/load 4, 0, 0; Constant delay
    %assign/vec4/a/d v00000248740d2ca0, 0, 4;
T_0.2 ;
T_0.1 ;
    %jmp T_0;
    .thread T_0;
# The file index is used to find the file name in the following table.
:file_names 3;
    "N/A";
    "<interactive>";
    "Register_File.v";
